d:\knowledge\amsi\amsipoc\x64\debug\amsiserver.lib
d:\knowledge\amsi\amsipoc\x64\debug\amsiserver.exp
d:\knowledge\amsi\amsipoc\amsiserver\x64\debug\amsiserver.pch
d:\knowledge\amsi\amsipoc\amsiserver\x64\debug\vc140.pdb
d:\knowledge\amsi\amsipoc\amsiserver\x64\debug\vc140.idb
d:\knowledge\amsi\amsipoc\amsiserver\x64\debug\stdafx.obj
d:\knowledge\amsi\amsipoc\amsiserver\x64\debug\amsiserver.obj
d:\knowledge\amsi\amsipoc\amsiserver\x64\debug\tmamsiprovider.obj
d:\knowledge\amsi\amsipoc\amsiserver\x64\debug\amsiserver_i.obj
d:\knowledge\amsi\amsipoc\amsiserver\x64\debug\dllmain.obj
d:\knowledge\amsi\amsipoc\x64\debug\amsiserver.dll
d:\knowledge\amsi\amsipoc\x64\debug\amsiserver.pdb
d:\knowledge\amsi\amsipoc\amsiserver\x64\debug\amsiserver.tlb
d:\knowledge\amsi\amsipoc\amsiserver\amsiserver_p.c
d:\knowledge\amsi\amsipoc\amsiserver\amsiserver_i.c
d:\knowledge\amsi\amsipoc\amsiserver\amsiserver_i.h
d:\knowledge\amsi\amsipoc\amsiserver\x64\debug\amsiserver.res
d:\knowledge\amsi\amsipoc\amsiserver\x64\debug\amsiserver.tlog\amsiserver.write.1u.tlog
d:\knowledge\amsi\amsipoc\amsiserver\x64\debug\amsiserver.tlog\cl.command.1.tlog
d:\knowledge\amsi\amsipoc\amsiserver\x64\debug\amsiserver.tlog\cl.read.1.tlog
d:\knowledge\amsi\amsipoc\amsiserver\x64\debug\amsiserver.tlog\cl.write.1.tlog
d:\knowledge\amsi\amsipoc\amsiserver\x64\debug\amsiserver.tlog\link.command.1.tlog
d:\knowledge\amsi\amsipoc\amsiserver\x64\debug\amsiserver.tlog\link.read.1.tlog
d:\knowledge\amsi\amsipoc\amsiserver\x64\debug\amsiserver.tlog\link.write.1.tlog
d:\knowledge\amsi\amsipoc\amsiserver\x64\debug\amsiserver.tlog\midl.command.1.tlog
d:\knowledge\amsi\amsipoc\amsiserver\x64\debug\amsiserver.tlog\midl.read.1.tlog
d:\knowledge\amsi\amsipoc\amsiserver\x64\debug\amsiserver.tlog\midl.write.1.tlog
d:\knowledge\amsi\amsipoc\amsiserver\x64\debug\amsiserver.tlog\rc.command.1.tlog
d:\knowledge\amsi\amsipoc\amsiserver\x64\debug\amsiserver.tlog\rc.read.1.tlog
d:\knowledge\amsi\amsipoc\amsiserver\x64\debug\amsiserver.tlog\rc.write.1.tlog
